<?xml version="1.0" encoding="UTF-8"?>
<testng-results skipped="0" failed="0" total="1" passed="1">
  <reporter-output>
  </reporter-output>
  <suite name="Default suite" duration-ms="18534" started-at="2020-11-10T00:34:41Z" finished-at="2020-11-10T00:35:00Z">
    <groups>
    </groups>
    <test name="Default test" duration-ms="18534" started-at="2020-11-10T00:34:41Z" finished-at="2020-11-10T00:35:00Z">
      <class name="com.facebookAutomation.FacebookSignupAssignment">
        <test-method status="PASS" signature="initialiseWebEnvironment()[pri:0, instance:com.facebookAutomation.FacebookSignupAssignment@1baeedf]" name="initialiseWebEnvironment" is-config="true" duration-ms="15822" started-at="2020-11-10T06:04:41Z" finished-at="2020-11-10T06:04:57Z">
          <reporter-output>
          </reporter-output>
        </test-method> <!-- initialiseWebEnvironment -->
        <test-method status="PASS" signature="registerFacebook()[pri:0, instance:com.facebookAutomation.FacebookSignupAssignment@1baeedf]" name="registerFacebook" duration-ms="2691" started-at="2020-11-10T06:04:57Z" finished-at="2020-11-10T06:05:00Z">
          <reporter-output>
          </reporter-output>
        </test-method> <!-- registerFacebook -->
      </class> <!-- com.facebookAutomation.FacebookSignupAssignment -->
    </test> <!-- Default test -->
  </suite> <!-- Default suite -->
</testng-results>
